0 info it worked if it ends with ok
1 verbose cli [ '/usr/local/bin/node', '/usr/local/bin/npm', 'install' ]
2 info using npm@1.3.14
3 info using node@v0.10.22
4 warn package.json chat-server@0.0.1 No description
5 warn package.json chat-server@0.0.1 No repository field.
6 warn package.json chat-server@0.0.1 No README data
7 verbose readDependencies using package.json deps
8 verbose install where, deps [ '/home/iamsvkris/Documents/ChatServer-nodejs',
8 verbose install   [ 'express', 'socket.io' ] ]
9 info preinstall chat-server@0.0.1
10 verbose readDependencies using package.json deps
11 verbose cache add [ 'express@2.5.1', null ]
12 verbose cache add name=undefined spec="express@2.5.1" args=["express@2.5.1",null]
13 verbose parsed url { protocol: null,
13 verbose parsed url   slashes: null,
13 verbose parsed url   auth: null,
13 verbose parsed url   host: null,
13 verbose parsed url   port: null,
13 verbose parsed url   hostname: null,
13 verbose parsed url   hash: null,
13 verbose parsed url   search: null,
13 verbose parsed url   query: null,
13 verbose parsed url   pathname: 'express@2.5.1',
13 verbose parsed url   path: 'express@2.5.1',
13 verbose parsed url   href: 'express@2.5.1' }
14 verbose cache add name="express" spec="2.5.1" args=["express","2.5.1"]
15 verbose parsed url { protocol: null,
15 verbose parsed url   slashes: null,
15 verbose parsed url   auth: null,
15 verbose parsed url   host: null,
15 verbose parsed url   port: null,
15 verbose parsed url   hostname: null,
15 verbose parsed url   hash: null,
15 verbose parsed url   search: null,
15 verbose parsed url   query: null,
15 verbose parsed url   pathname: '2.5.1',
15 verbose parsed url   path: '2.5.1',
15 verbose parsed url   href: '2.5.1' }
16 verbose addNamed [ 'express', '2.5.1' ]
17 verbose addNamed [ '2.5.1', '2.5.1' ]
18 verbose cache add [ 'socket.io@0.9.2', null ]
19 verbose cache add name=undefined spec="socket.io@0.9.2" args=["socket.io@0.9.2",null]
20 verbose parsed url { protocol: null,
20 verbose parsed url   slashes: null,
20 verbose parsed url   auth: null,
20 verbose parsed url   host: null,
20 verbose parsed url   port: null,
20 verbose parsed url   hostname: null,
20 verbose parsed url   hash: null,
20 verbose parsed url   search: null,
20 verbose parsed url   query: null,
20 verbose parsed url   pathname: 'socket.io@0.9.2',
20 verbose parsed url   path: 'socket.io@0.9.2',
20 verbose parsed url   href: 'socket.io@0.9.2' }
21 verbose cache add name="socket.io" spec="0.9.2" args=["socket.io","0.9.2"]
22 verbose parsed url { protocol: null,
22 verbose parsed url   slashes: null,
22 verbose parsed url   auth: null,
22 verbose parsed url   host: null,
22 verbose parsed url   port: null,
22 verbose parsed url   hostname: null,
22 verbose parsed url   hash: null,
22 verbose parsed url   search: null,
22 verbose parsed url   query: null,
22 verbose parsed url   pathname: '0.9.2',
22 verbose parsed url   path: '0.9.2',
22 verbose parsed url   href: '0.9.2' }
23 verbose addNamed [ 'socket.io', '0.9.2' ]
24 verbose addNamed [ '0.9.2', '0.9.2' ]
25 silly lockFile d4354c57-express-2-5-1 express@2.5.1
26 verbose lock express@2.5.1 /home/iamsvkris/.npm/d4354c57-express-2-5-1.lock
27 silly lockFile c7f5a15b-socket-io-0-9-2 socket.io@0.9.2
28 verbose lock socket.io@0.9.2 /home/iamsvkris/.npm/c7f5a15b-socket-io-0-9-2.lock
29 verbose url raw express/2.5.1
30 verbose url resolving [ 'https://registry.npmjs.org/', './express/2.5.1' ]
31 verbose url resolved https://registry.npmjs.org/express/2.5.1
32 info trying registry request attempt 1 at 10:21:53
33 http GET https://registry.npmjs.org/express/2.5.1
34 verbose url raw socket.io/0.9.2
35 verbose url resolving [ 'https://registry.npmjs.org/', './socket.io/0.9.2' ]
36 verbose url resolved https://registry.npmjs.org/socket.io/0.9.2
37 info trying registry request attempt 1 at 10:21:53
38 http GET https://registry.npmjs.org/socket.io/0.9.2
39 http 200 https://registry.npmjs.org/socket.io/0.9.2
40 silly registry.get cb [ 200,
40 silly registry.get   { date: 'Fri, 21 Mar 2014 17:21:54 GMT',
40 silly registry.get     server: 'CouchDB/1.5.0 (Erlang OTP/R16B)',
40 silly registry.get     etag: '"6R6TKIHMZ2GC5IXZRMRFR2J1C"',
40 silly registry.get     'content-type': 'application/json',
40 silly registry.get     via: '1.1 varnish',
40 silly registry.get     'cache-control': 'max-age=1',
40 silly registry.get     'content-length': '1298',
40 silly registry.get     'accept-ranges': 'bytes',
40 silly registry.get     age: '0',
40 silly registry.get     'x-served-by': 'cache-v36-ASH, cache-sv61-SJC3',
40 silly registry.get     'x-cache': 'MISS, MISS',
40 silly registry.get     'x-cache-hits': '0, 0',
40 silly registry.get     'x-timer': 'S1395422514.625070333,VS0,VS-66,VE-24,VE114',
40 silly registry.get     vary: 'Accept',
40 silly registry.get     'keep-alive': 'timeout=10, max=50',
40 silly registry.get     connection: 'Keep-Alive' } ]
41 silly lockFile 01749a91-rg-socket-io-socket-io-0-9-2-tgz https://registry.npmjs.org/socket.io/-/socket.io-0.9.2.tgz
42 verbose lock https://registry.npmjs.org/socket.io/-/socket.io-0.9.2.tgz /home/iamsvkris/.npm/01749a91-rg-socket-io-socket-io-0-9-2-tgz.lock
43 verbose addRemoteTarball [ 'https://registry.npmjs.org/socket.io/-/socket.io-0.9.2.tgz',
43 verbose addRemoteTarball   'b6e0ba1e42e8b0d02b63bbb05fc1c297c88186c3' ]
44 silly lockFile 01749a91-rg-socket-io-socket-io-0-9-2-tgz https://registry.npmjs.org/socket.io/-/socket.io-0.9.2.tgz
45 silly lockFile 01749a91-rg-socket-io-socket-io-0-9-2-tgz https://registry.npmjs.org/socket.io/-/socket.io-0.9.2.tgz
46 silly lockFile c7f5a15b-socket-io-0-9-2 socket.io@0.9.2
47 silly lockFile c7f5a15b-socket-io-0-9-2 socket.io@0.9.2
48 error Error: EACCES, mkdir '/home/iamsvkris/tmp/npm-25715-d_poT6ex'
48 error  { [Error: EACCES, mkdir '/home/iamsvkris/tmp/npm-25715-d_poT6ex']
48 error   errno: 3,
48 error   code: 'EACCES',
48 error   path: '/home/iamsvkris/tmp/npm-25715-d_poT6ex' }
49 error Please try running this command again as root/Administrator.
50 error System Linux 3.2.0-59-generic
51 error command "/usr/local/bin/node" "/usr/local/bin/npm" "install"
52 error cwd /home/iamsvkris/Documents/ChatServer-nodejs
53 error node -v v0.10.22
54 error npm -v 1.3.14
55 error path /home/iamsvkris/tmp/npm-25715-d_poT6ex
56 error code EACCES
57 error errno 3
58 error stack Error: EACCES, mkdir '/home/iamsvkris/tmp/npm-25715-d_poT6ex'
59 verbose exit [ 3, true ]
